d:\localisation\consoleapplication1\consoleapplication1\x64\debug\consoleapplication1.pch
d:\localisation\consoleapplication1\consoleapplication1\x64\debug\vc140.pdb
d:\localisation\consoleapplication1\consoleapplication1\x64\debug\vc140.idb
d:\localisation\consoleapplication1\consoleapplication1\x64\debug\stdafx.obj
d:\localisation\consoleapplication1\consoleapplication1\x64\debug\consoleapplication1.obj
d:\localisation\consoleapplication1\x64\debug\consoleapplication1.lib
d:\localisation\consoleapplication1\x64\debug\consoleapplication1.exp
d:\localisation\consoleapplication1\x64\debug\proj_d.dll
d:\localisation\consoleapplication1\x64\debug\sqlite3.dll
d:\localisation\consoleapplication1\x64\debug\tiffd.dll
d:\localisation\consoleapplication1\x64\debug\zlibd1.dll
d:\localisation\consoleapplication1\x64\debug\jpeg62.dll
d:\localisation\consoleapplication1\x64\debug\liblzma.dll
d:\localisation\consoleapplication1\x64\debug\libcurl-d.dll
d:\localisation\consoleapplication1\x64\debug\consoleapplication1.ilk
d:\localisation\consoleapplication1\x64\debug\consoleapplication1.exe
d:\localisation\consoleapplication1\x64\debug\consoleapplication1.pdb
d:\localisation\consoleapplication1\consoleapplication1\x64\debug\consolea.e5dd7f6e.tlog\cl.command.1.tlog
d:\localisation\consoleapplication1\consoleapplication1\x64\debug\consolea.e5dd7f6e.tlog\cl.read.1.tlog
d:\localisation\consoleapplication1\consoleapplication1\x64\debug\consolea.e5dd7f6e.tlog\cl.write.1.tlog
d:\localisation\consoleapplication1\consoleapplication1\x64\debug\consolea.e5dd7f6e.tlog\consoleapplication1.write.1u.tlog
d:\localisation\consoleapplication1\consoleapplication1\x64\debug\consolea.e5dd7f6e.tlog\link.command.1.tlog
d:\localisation\consoleapplication1\consoleapplication1\x64\debug\consolea.e5dd7f6e.tlog\link.read.1.tlog
d:\localisation\consoleapplication1\consoleapplication1\x64\debug\consolea.e5dd7f6e.tlog\link.write.1.tlog
