  stdafx.cpp
  ConsoleApplication1.cpp
d:\gdal231\gdal-2.3.1\ogr\ogr_featurestyle.h(89): warning C4251: 'OGRStyleTable::osLastRequestedStyleName': class 'CPLStringT<void>' needs to have dll-interface to be used by clients of class 'OGRStyleTable'
  d:\gdal231\gdal-2.3.1\port\cpl_string.h(323): note: see declaration of 'CPLStringT<void>'
d:\gdal231\gdal-2.3.1\port\cpl_json.h(153): warning C4251: 'CPLJSONObject::m_osKey': class 'std::basic_string<char,std::char_traits<char>,std::allocator<char>>' needs to have dll-interface to be used by clients of class 'CPLJSONObject'
  d:\program files (x86)\microsoft visual studio 14.0\vc\include\xstring(2633): note: see declaration of 'std::basic_string<char,std::char_traits<char>,std::allocator<char>>'
d:\gdal231\gdal-2.3.1\ogr\ogr_geometry.h(947): warning C4251: 'OGRCurve::ConstIterator::m_poPrivate': class 'std::unique_ptr<OGRCurve::ConstIterator::Private,std::default_delete<_Ty>>' needs to have dll-interface to be used by clients of class 'OGRCurve::ConstIterator'
          with
          [
              _Ty=OGRCurve::ConstIterator::Private
          ]
  d:\gdal231\gdal-2.3.1\ogr\ogr_geometry.h(947): note: see declaration of 'std::unique_ptr<OGRCurve::ConstIterator::Private,std::default_delete<_Ty>>'
          with
          [
              _Ty=OGRCurve::ConstIterator::Private
          ]
d:\gdal231\gdal-2.3.1\ogr\ogr_geometry.h(1066): warning C4251: 'OGRSimpleCurve::Iterator::m_poPrivate': class 'std::unique_ptr<OGRSimpleCurve::Iterator::Private,std::default_delete<_Ty>>' needs to have dll-interface to be used by clients of class 'OGRSimpleCurve::Iterator'
          with
          [
              _Ty=OGRSimpleCurve::Iterator::Private
          ]
  d:\gdal231\gdal-2.3.1\ogr\ogr_geometry.h(1066): note: see declaration of 'std::unique_ptr<OGRSimpleCurve::Iterator::Private,std::default_delete<_Ty>>'
          with
          [
              _Ty=OGRSimpleCurve::Iterator::Private
          ]
d:\gdal231\gdal-2.3.1\ogr\ogr_geometry.h(1083): warning C4251: 'OGRSimpleCurve::ConstIterator::m_poPrivate': class 'std::unique_ptr<OGRSimpleCurve::ConstIterator::Private,std::default_delete<_Ty>>' needs to have dll-interface to be used by clients of class 'OGRSimpleCurve::ConstIterator'
          with
          [
              _Ty=OGRSimpleCurve::ConstIterator::Private
          ]
  d:\gdal231\gdal-2.3.1\ogr\ogr_geometry.h(1083): note: see declaration of 'std::unique_ptr<OGRSimpleCurve::ConstIterator::Private,std::default_delete<_Ty>>'
          with
          [
              _Ty=OGRSimpleCurve::ConstIterator::Private
          ]
d:\gdal231\gdal-2.3.1\ogr\ogr_feature.h(384): warning C4251: 'OGRFeature::FieldValue::m_poPrivate': class 'std::unique_ptr<OGRFeature::FieldValue::Private,std::default_delete<_Ty>>' needs to have dll-interface to be used by clients of class 'OGRFeature::FieldValue'
          with
          [
              _Ty=OGRFeature::FieldValue::Private
          ]
  d:\gdal231\gdal-2.3.1\ogr\ogr_feature.h(384): note: see declaration of 'std::unique_ptr<OGRFeature::FieldValue::Private,std::default_delete<_Ty>>'
          with
          [
              _Ty=OGRFeature::FieldValue::Private
          ]
d:\gdal231\gdal-2.3.1\ogr\ogr_feature.h(527): warning C4251: 'OGRFeature::ConstFieldIterator::m_poPrivate': class 'std::unique_ptr<OGRFeature::ConstFieldIterator::Private,std::default_delete<_Ty>>' needs to have dll-interface to be used by clients of class 'OGRFeature::ConstFieldIterator'
          with
          [
              _Ty=OGRFeature::ConstFieldIterator::Private
          ]
  d:\gdal231\gdal-2.3.1\ogr\ogr_feature.h(527): note: see declaration of 'std::unique_ptr<OGRFeature::ConstFieldIterator::Private,std::default_delete<_Ty>>'
          with
          [
              _Ty=OGRFeature::ConstFieldIterator::Private
          ]
d:\gdal231\gdal-2.3.1\gcore\gdal_priv.h(137): warning C4251: 'GDALMajorObject::sDescription': class 'CPLStringT<void>' needs to have dll-interface to be used by clients of class 'GDALMajorObject'
  d:\gdal231\gdal-2.3.1\port\cpl_string.h(323): note: see declaration of 'CPLStringT<void>'
d:\gdal231\gdal-2.3.1\gcore\gdal_priv.h(190): warning C4251: 'GDALDefaultOverviews::osOvrFilename': class 'CPLStringT<void>' needs to have dll-interface to be used by clients of class 'GDALDefaultOverviews'
  d:\gdal231\gdal-2.3.1\port\cpl_string.h(323): note: see declaration of 'CPLStringT<void>'
d:\gdal231\gdal-2.3.1\gcore\gdal_priv.h(483): warning C4251: 'GDALDataset::Bands::Iterator::m_poPrivate': class 'std::unique_ptr<GDALDataset::Bands::Iterator::Private,std::default_delete<_Ty>>' needs to have dll-interface to be used by clients of class 'GDALDataset::Bands::Iterator'
          with
          [
              _Ty=GDALDataset::Bands::Iterator::Private
          ]
  d:\gdal231\gdal-2.3.1\gcore\gdal_priv.h(483): note: see declaration of 'std::unique_ptr<GDALDataset::Bands::Iterator::Private,std::default_delete<_Ty>>'
          with
          [
              _Ty=GDALDataset::Bands::Iterator::Private
          ]
d:\gdal231\gdal-2.3.1\gcore\gdal_priv.h(670): warning C4251: 'GDALDataset::Layers::Iterator::m_poPrivate': class 'std::unique_ptr<GDALDataset::Layers::Iterator::Private,std::default_delete<_Ty>>' needs to have dll-interface to be used by clients of class 'GDALDataset::Layers::Iterator'
          with
          [
              _Ty=GDALDataset::Layers::Iterator::Private
          ]
  d:\gdal231\gdal-2.3.1\gcore\gdal_priv.h(670): note: see declaration of 'std::unique_ptr<GDALDataset::Layers::Iterator::Private,std::default_delete<_Ty>>'
          with
          [
              _Ty=GDALDataset::Layers::Iterator::Private
          ]
d:\gdal231\gdal-2.3.1\gcore\gdal_priv.h(728): warning C4251: 'GDALDataset::Features::Iterator::m_poPrivate': class 'std::unique_ptr<GDALDataset::Features::Iterator::Private,std::default_delete<_Ty>>' needs to have dll-interface to be used by clients of class 'GDALDataset::Features::Iterator'
          with
          [
              _Ty=GDALDataset::Features::Iterator::Private
          ]
  d:\gdal231\gdal-2.3.1\gcore\gdal_priv.h(728): note: see declaration of 'std::unique_ptr<GDALDataset::Features::Iterator::Private,std::default_delete<_Ty>>'
          with
          [
              _Ty=GDALDataset::Features::Iterator::Private
          ]
d:\gdal231\gdal-2.3.1\gcore\gdal_priv.h(953): warning C4251: 'GDALColorTable::aoEntries': class 'std::vector<GDALColorEntry,std::allocator<_Ty>>' needs to have dll-interface to be used by clients of class 'GDALColorTable'
          with
          [
              _Ty=GDALColorEntry
          ]
  d:\gdal231\gdal-2.3.1\gcore\gdal_priv.h(953): note: see declaration of 'std::vector<GDALColorEntry,std::allocator<_Ty>>'
          with
          [
              _Ty=GDALColorEntry
          ]
d:\gdal231\gdal-2.3.1\gcore\gdal_priv.h(1513): warning C4251: 'GDALDriverManager::oMapNameToDrivers': class 'std::map<CPLString,GDALDriver *,std::less<_Kty>,std::allocator<std::pair<const _Kty,_Ty>>>' needs to have dll-interface to be used by clients of class 'GDALDriverManager'
          with
          [
              _Kty=CPLString,
              _Ty=GDALDriver *
          ]
  d:\gdal231\gdal-2.3.1\gcore\gdal_priv.h(1513): note: see declaration of 'std::map<CPLString,GDALDriver *,std::less<_Kty>,std::allocator<std::pair<const _Kty,_Ty>>>'
          with
          [
              _Kty=CPLString,
              _Ty=GDALDriver *
          ]
d:\gdal231\gdal-2.3.1\ogr\ogrsf_frmts\ogrsf_frmts.h(74): warning C4251: 'OGRLayer::m_poPrivate': class 'std::unique_ptr<OGRLayer::Private,std::default_delete<_Ty>>' needs to have dll-interface to be used by clients of class 'OGRLayer'
          with
          [
              _Ty=OGRLayer::Private
          ]
  d:\gdal231\gdal-2.3.1\ogr\ogrsf_frmts\ogrsf_frmts.h(74): note: see declaration of 'std::unique_ptr<OGRLayer::Private,std::default_delete<_Ty>>'
          with
          [
              _Ty=OGRLayer::Private
          ]
d:\gdal231\gdal-2.3.1\ogr\ogrsf_frmts\ogrsf_frmts.h(81): warning C4251: 'OGRLayer::FeatureIterator::m_poPrivate': class 'std::unique_ptr<OGRLayer::FeatureIterator::Private,std::default_delete<_Ty>>' needs to have dll-interface to be used by clients of class 'OGRLayer::FeatureIterator'
          with
          [
              _Ty=OGRLayer::FeatureIterator::Private
          ]
  d:\gdal231\gdal-2.3.1\ogr\ogrsf_frmts\ogrsf_frmts.h(81): note: see declaration of 'std::unique_ptr<OGRLayer::FeatureIterator::Private,std::default_delete<_Ty>>'
          with
          [
              _Ty=OGRLayer::FeatureIterator::Private
          ]
d:\localisation\consoleapplication1\consoleapplication1\consoleapplication1.cpp(1089): warning C4473: 'printf' : not enough arguments passed for format string
  d:\localisation\consoleapplication1\consoleapplication1\consoleapplication1.cpp(1089): note: placeholders and their parameters expect 1 variadic arguments, but 0 were provided
  d:\localisation\consoleapplication1\consoleapplication1\consoleapplication1.cpp(1089): note: the missing variadic argument 1 is required by format string '%s'
d:\localisation\consoleapplication1\consoleapplication1\consoleapplication1.cpp(1096): warning C4473: 'printf' : not enough arguments passed for format string
  d:\localisation\consoleapplication1\consoleapplication1\consoleapplication1.cpp(1096): note: placeholders and their parameters expect 1 variadic arguments, but 0 were provided
  d:\localisation\consoleapplication1\consoleapplication1\consoleapplication1.cpp(1096): note: the missing variadic argument 1 is required by format string '%s'
d:\localisation\consoleapplication1\consoleapplication1\consoleapplication1.cpp(1109): warning C4473: 'printf' : not enough arguments passed for format string
  d:\localisation\consoleapplication1\consoleapplication1\consoleapplication1.cpp(1109): note: placeholders and their parameters expect 1 variadic arguments, but 0 were provided
  d:\localisation\consoleapplication1\consoleapplication1\consoleapplication1.cpp(1109): note: the missing variadic argument 1 is required by format string '%s'
d:\localisation\consoleapplication1\consoleapplication1\consoleapplication1.cpp(1127): warning C4473: 'printf' : not enough arguments passed for format string
  d:\localisation\consoleapplication1\consoleapplication1\consoleapplication1.cpp(1127): note: placeholders and their parameters expect 1 variadic arguments, but 0 were provided
  d:\localisation\consoleapplication1\consoleapplication1\consoleapplication1.cpp(1127): note: the missing variadic argument 1 is required by format string '%s'
d:\localisation\consoleapplication1\consoleapplication1\consoleapplication1.cpp(1134): warning C4473: 'printf' : not enough arguments passed for format string
  d:\localisation\consoleapplication1\consoleapplication1\consoleapplication1.cpp(1134): note: placeholders and their parameters expect 1 variadic arguments, but 0 were provided
  d:\localisation\consoleapplication1\consoleapplication1\consoleapplication1.cpp(1134): note: the missing variadic argument 1 is required by format string '%s'
d:\localisation\consoleapplication1\consoleapplication1\consoleapplication1.cpp(1148): warning C4473: 'printf' : not enough arguments passed for format string
  d:\localisation\consoleapplication1\consoleapplication1\consoleapplication1.cpp(1148): note: placeholders and their parameters expect 1 variadic arguments, but 0 were provided
  d:\localisation\consoleapplication1\consoleapplication1\consoleapplication1.cpp(1148): note: the missing variadic argument 1 is required by format string '%s'
d:\localisation\consoleapplication1\consoleapplication1\consoleapplication1.cpp(1171): warning C4473: 'printf' : not enough arguments passed for format string
  d:\localisation\consoleapplication1\consoleapplication1\consoleapplication1.cpp(1171): note: placeholders and their parameters expect 1 variadic arguments, but 0 were provided
  d:\localisation\consoleapplication1\consoleapplication1\consoleapplication1.cpp(1171): note: the missing variadic argument 1 is required by format string '%s'
     Creating library D:\LOCALISATION\ConsoleApplication1\x64\Debug\ConsoleApplication1.lib and object D:\LOCALISATION\ConsoleApplication1\x64\Debug\ConsoleApplication1.exp
  ConsoleApplication1.vcxproj -> D:\LOCALISATION\ConsoleApplication1\x64\Debug\ConsoleApplication1.exe
  ConsoleApplication1.vcxproj -> D:\LOCALISATION\ConsoleApplication1\x64\Debug\ConsoleApplication1.pdb (Full PDB)
